[hbcomp-007.hbhpc.ucsc.edu:31812] mca: base: component_find: unable to open /opt/ohpc/pub/mpi/openmpi-gnu/1.10.7/lib/openmpi/mca_btl_openib: librdmacm.so.1: cannot open shared object file: No such file or directory (ignored)
[hbcomp-007.hbhpc.ucsc.edu:31812] mca: base: component_find: unable to open /opt/ohpc/pub/mpi/openmpi-gnu/1.10.7/lib/openmpi/mca_mtl_psm: libpsm_infinipath.so.1: cannot open shared object file: No such file or directory (ignored)
2019-05-16 18:35:14.567929: I tensorflow/core/platform/cpu_feature_guard.cc:141] Your CPU supports instructions that this TensorFlow binary was not compiled to use: AVX2 FMA
2019-05-16 18:35:14.579359: I tensorflow/core/platform/profile_utils/cpu_utils.cc:94] CPU Frequency: 2200030000 Hz
2019-05-16 18:35:14.588981: I tensorflow/compiler/xla/service/service.cc:150] XLA service 0x5b525b0 executing computations on platform Host. Devices:
2019-05-16 18:35:14.589044: I tensorflow/compiler/xla/service/service.cc:158]   StreamExecutor device (0): <undefined>, <undefined>
/hb/home/mamoghad/Scripts/gym-deepcars-baselines/venv/lib/python3.6/site-packages/gym/logger.py:30: UserWarning: [33mWARN: Could not seed environment <DeepCarsEnv<DeepCars-v0>>[0m
  warnings.warn(colorize('%s: %s'%('WARN', msg % args), 'yellow'))
WARNING:tensorflow:From /hb/home/mamoghad/Scripts/gym-deepcars-baselines/baselines/baselines/common/input.py:60: to_float (from tensorflow.python.ops.math_ops) is deprecated and will be removed in a future version.
Instructions for updating:
Use tf.cast instead.
WARNING:tensorflow:From /hb/home/mamoghad/Scripts/gym-deepcars-baselines/venv/lib/python3.6/site-packages/tensorflow/python/framework/op_def_library.py:263: colocate_with (from tensorflow.python.framework.ops) is deprecated and will be removed in a future version.
Instructions for updating:
Colocations handled automatically by placer.
WARNING:tensorflow:From /hb/home/mamoghad/Scripts/gym-deepcars-baselines/baselines/baselines/common/models.py:50: flatten (from tensorflow.python.layers.core) is deprecated and will be removed in a future version.
Instructions for updating:
Use keras.layers.flatten instead.
WARNING:tensorflow:From /hb/home/mamoghad/Scripts/gym-deepcars-baselines/venv/lib/python3.6/site-packages/tensorflow/python/ops/math_ops.py:3066: to_int32 (from tensorflow.python.ops.math_ops) is deprecated and will be removed in a future version.
Instructions for updating:
Use tf.cast instead.
/hb/home/mamoghad/Scripts/gym-deepcars-baselines/venv/lib/python3.6/site-packages/numpy/core/fromnumeric.py:3118: RuntimeWarning: Mean of empty slice.
  out=out, **kwargs)
/hb/home/mamoghad/Scripts/gym-deepcars-baselines/venv/lib/python3.6/site-packages/numpy/core/_methods.py:85: RuntimeWarning: invalid value encountered in double_scalars
  ret = ret.dtype.type(ret / rcount)
